2026-06-03 10:59:47,342 - __main__ - INFO - ==================================================
2026-06-03 10:59:47,343 - __main__ - INFO - 🤖 Lyrics Hub Bot Started Successfully!
2026-06-03 10:59:47,344 - __main__ - INFO - ==================================================
2026-06-03 11:03:43,526 - __main__ - INFO - ==================================================
2026-06-03 11:03:43,528 - __main__ - INFO - 🤖 Lyrics Hub Bot Started Successfully!
2026-06-03 11:03:43,529 - __main__ - INFO - ==================================================
2026-06-03 11:03:44,240 - httpx - INFO - HTTP Request: POST https://api.telegram.org/bot8987927318:AAFAnEY0i6vscxLvgJDWutTIaMkkRtFDJ3w/getMe "HTTP/1.1 200 OK"
2026-06-03 11:03:44,466 - httpx - INFO - HTTP Request: POST https://api.telegram.org/bot8987927318:AAFAnEY0i6vscxLvgJDWutTIaMkkRtFDJ3w/deleteWebhook "HTTP/1.1 200 OK"
2026-06-03 11:03:44,479 - telegram.ext.Application - INFO - Application started
2026-06-03 11:03:55,100 - httpx - INFO - HTTP Request: POST https://api.telegram.org/bot8987927318:AAFAnEY0i6vscxLvgJDWutTIaMkkRtFDJ3w/getUpdates "HTTP/1.1 200 OK"
2026-06-03 11:04:06,606 - httpx - INFO - HTTP Request: POST https://api.telegram.org/bot8987927318:AAFAnEY0i6vscxLvgJDWutTIaMkkRtFDJ3w/getUpdates "HTTP/1.1 200 OK"
2026-06-03 11:04:18,201 - httpx - INFO - HTTP Request: POST https://api.telegram.org/bot8987927318:AAFAnEY0i6vscxLvgJDWutTIaMkkRtFDJ3w/getUpdates "HTTP/1.1 200 OK"
2026-06-03 11:04:29,425 - httpx - INFO - HTTP Request: POST https://api.telegram.org/bot8987927318:AAFAnEY0i6vscxLvgJDWutTIaMkkRtFDJ3w/getUpdates "HTTP/1.1 200 OK"
2026-06-03 11:04:40,651 - httpx - INFO - HTTP Request: POST https://api.telegram.org/bot8987927318:AAFAnEY0i6vscxLvgJDWutTIaMkkRtFDJ3w/getUpdates "HTTP/1.1 200 OK"
2026-06-03 11:04:51,922 - httpx - INFO - HTTP Request: POST https://api.telegram.org/bot8987927318:AAFAnEY0i6vscxLvgJDWutTIaMkkRtFDJ3w/getUpdates "HTTP/1.1 200 OK"
2026-06-03 11:04:56,370 - httpx - INFO - HTTP Request: POST https://api.telegram.org/bot8987927318:AAFAnEY0i6vscxLvgJDWutTIaMkkRtFDJ3w/getUpdates "HTTP/1.1 200 OK"
2026-06-03 11:04:57,240 - httpx - INFO - HTTP Request: POST https://api.telegram.org/bot8987927318:AAFAnEY0i6vscxLvgJDWutTIaMkkRtFDJ3w/sendMessage "HTTP/1.1 200 OK"
2026-06-03 11:04:58,678 - httpx - INFO - HTTP Request: POST https://api.telegram.org/bot8987927318:AAFAnEY0i6vscxLvgJDWutTIaMkkRtFDJ3w/sendMessage "HTTP/1.1 200 OK"
2026-06-03 11:04:58,965 - httpx - INFO - HTTP Request: POST https://api.telegram.org/bot8987927318:AAFAnEY0i6vscxLvgJDWutTIaMkkRtFDJ3w/deleteMessage "HTTP/1.1 200 OK"
2026-06-03 11:05:02,018 - httpx - INFO - HTTP Request: POST https://api.telegram.org/bot8987927318:AAFAnEY0i6vscxLvgJDWutTIaMkkRtFDJ3w/getUpdates "HTTP/1.1 200 OK"
2026-06-03 11:05:02,457 - httpx - INFO - HTTP Request: POST https://api.telegram.org/bot8987927318:AAFAnEY0i6vscxLvgJDWutTIaMkkRtFDJ3w/answerCallbackQuery "HTTP/1.1 200 OK"
2026-06-03 11:05:02,668 - httpx - INFO - HTTP Request: POST https://api.telegram.org/bot8987927318:AAFAnEY0i6vscxLvgJDWutTIaMkkRtFDJ3w/editMessageText "HTTP/1.1 200 OK"
2026-06-03 11:05:04,107 - httpx - INFO - HTTP Request: POST https://api.telegram.org/bot8987927318:AAFAnEY0i6vscxLvgJDWutTIaMkkRtFDJ3w/editMessageText "HTTP/1.1 200 OK"
2026-06-03 11:05:13,201 - httpx - INFO - HTTP Request: POST https://api.telegram.org/bot8987927318:AAFAnEY0i6vscxLvgJDWutTIaMkkRtFDJ3w/getUpdates "HTTP/1.1 200 OK"
2026-06-03 11:05:22,277 - httpx - INFO - HTTP Request: POST https://api.telegram.org/bot8987927318:AAFAnEY0i6vscxLvgJDWutTIaMkkRtFDJ3w/getUpdates "HTTP/1.1 200 OK"
2026-06-03 11:05:22,861 - httpx - INFO - HTTP Request: POST https://api.telegram.org/bot8987927318:AAFAnEY0i6vscxLvgJDWutTIaMkkRtFDJ3w/sendMessage "HTTP/1.1 200 OK"
2026-06-03 11:05:26,089 - httpx - INFO - HTTP Request: POST https://api.telegram.org/bot8987927318:AAFAnEY0i6vscxLvgJDWutTIaMkkRtFDJ3w/getUpdates "HTTP/1.1 200 OK"
2026-06-03 11:05:26,322 - httpx - INFO - HTTP Request: POST https://api.telegram.org/bot8987927318:AAFAnEY0i6vscxLvgJDWutTIaMkkRtFDJ3w/answerCallbackQuery "HTTP/1.1 200 OK"
2026-06-03 11:05:26,521 - httpx - INFO - HTTP Request: POST https://api.telegram.org/bot8987927318:AAFAnEY0i6vscxLvgJDWutTIaMkkRtFDJ3w/editMessageText "HTTP/1.1 200 OK"
2026-06-03 11:05:37,304 - httpx - INFO - HTTP Request: POST https://api.telegram.org/bot8987927318:AAFAnEY0i6vscxLvgJDWutTIaMkkRtFDJ3w/getUpdates "HTTP/1.1 200 OK"
2026-06-03 11:05:48,570 - httpx - INFO - HTTP Request: POST https://api.telegram.org/bot8987927318:AAFAnEY0i6vscxLvgJDWutTIaMkkRtFDJ3w/getUpdates "HTTP/1.1 200 OK"
2026-06-03 11:05:59,812 - httpx - INFO - HTTP Request: POST https://api.telegram.org/bot8987927318:AAFAnEY0i6vscxLvgJDWutTIaMkkRtFDJ3w/getUpdates "HTTP/1.1 200 OK"
2026-06-03 11:06:11,627 - httpx - INFO - HTTP Request: POST https://api.telegram.org/bot8987927318:AAFAnEY0i6vscxLvgJDWutTIaMkkRtFDJ3w/getUpdates "HTTP/1.1 200 OK"
2026-06-03 11:06:22,180 - httpx - INFO - HTTP Request: POST https://api.telegram.org/bot8987927318:AAFAnEY0i6vscxLvgJDWutTIaMkkRtFDJ3w/getUpdates "HTTP/1.1 200 OK"
2026-06-03 11:06:23,012 - httpx - INFO - HTTP Request: POST https://api.telegram.org/bot8987927318:AAFAnEY0i6vscxLvgJDWutTIaMkkRtFDJ3w/sendMessage "HTTP/1.1 200 OK"
2026-06-03 11:06:33,798 - httpx - INFO - HTTP Request: POST https://api.telegram.org/bot8987927318:AAFAnEY0i6vscxLvgJDWutTIaMkkRtFDJ3w/getUpdates "HTTP/1.1 200 OK"
2026-06-03 11:06:38,084 - httpx - INFO - HTTP Request: POST https://api.telegram.org/bot8987927318:AAFAnEY0i6vscxLvgJDWutTIaMkkRtFDJ3w/getUpdates "HTTP/1.1 200 OK"
2026-06-03 11:06:38,978 - httpx - INFO - HTTP Request: POST https://api.telegram.org/bot8987927318:AAFAnEY0i6vscxLvgJDWutTIaMkkRtFDJ3w/sendMessage "HTTP/1.1 200 OK"
2026-06-03 11:06:49,376 - httpx - INFO - HTTP Request: POST https://api.telegram.org/bot8987927318:AAFAnEY0i6vscxLvgJDWutTIaMkkRtFDJ3w/getUpdates "HTTP/1.1 200 OK"
2026-06-03 11:06:54,601 - httpx - INFO - HTTP Request: POST https://api.telegram.org/bot8987927318:AAFAnEY0i6vscxLvgJDWutTIaMkkRtFDJ3w/getUpdates "HTTP/1.1 200 OK"
2026-06-03 11:06:55,511 - httpx - INFO - HTTP Request: POST https://api.telegram.org/bot8987927318:AAFAnEY0i6vscxLvgJDWutTIaMkkRtFDJ3w/sendMessage "HTTP/1.1 200 OK"
2026-06-03 11:07:06,063 - httpx - INFO - HTTP Request: POST https://api.telegram.org/bot8987927318:AAFAnEY0i6vscxLvgJDWutTIaMkkRtFDJ3w/getUpdates "HTTP/1.1 200 OK"
2026-06-03 11:07:17,451 - httpx - INFO - HTTP Request: POST https://api.telegram.org/bot8987927318:AAFAnEY0i6vscxLvgJDWutTIaMkkRtFDJ3w/getUpdates "HTTP/1.1 200 OK"
2026-06-03 11:07:22,876 - httpx - INFO - HTTP Request: POST https://api.telegram.org/bot8987927318:AAFAnEY0i6vscxLvgJDWutTIaMkkRtFDJ3w/getUpdates "HTTP/1.1 200 OK"
2026-06-03 11:07:24,237 - httpx - INFO - HTTP Request: POST https://api.telegram.org/bot8987927318:AAFAnEY0i6vscxLvgJDWutTIaMkkRtFDJ3w/sendMessage "HTTP/1.1 200 OK"
2026-06-03 11:07:34,244 - httpx - INFO - HTTP Request: POST https://api.telegram.org/bot8987927318:AAFAnEY0i6vscxLvgJDWutTIaMkkRtFDJ3w/getUpdates "HTTP/1.1 200 OK"
2026-06-03 11:07:42,024 - httpx - INFO - HTTP Request: POST https://api.telegram.org/bot8987927318:AAFAnEY0i6vscxLvgJDWutTIaMkkRtFDJ3w/getUpdates "HTTP/1.1 200 OK"
2026-06-03 11:07:42,867 - httpx - INFO - HTTP Request: POST https://api.telegram.org/bot8987927318:AAFAnEY0i6vscxLvgJDWutTIaMkkRtFDJ3w/sendPhoto "HTTP/1.1 200 OK"
2026-06-03 11:07:45,902 - httpx - INFO - HTTP Request: POST https://api.telegram.org/bot8987927318:AAFAnEY0i6vscxLvgJDWutTIaMkkRtFDJ3w/getUpdates "HTTP/1.1 200 OK"
2026-06-03 11:07:46,579 - httpx - INFO - HTTP Request: POST https://api.telegram.org/bot8987927318:AAFAnEY0i6vscxLvgJDWutTIaMkkRtFDJ3w/answerCallbackQuery "HTTP/1.1 200 OK"
2026-06-03 11:07:46,736 - httpx - INFO - HTTP Request: POST https://api.telegram.org/bot8987927318:AAFAnEY0i6vscxLvgJDWutTIaMkkRtFDJ3w/editMessageText "HTTP/1.1 400 Bad Request"
2026-06-03 11:07:46,744 - telegram.ext.Application - ERROR - No error handlers are registered, logging exception.
Traceback (most recent call last):
  File "/data/data/com.termux/files/usr/lib/python3.13/site-packages/telegram/ext/_application.py", line 1315, in process_update
    await coroutine
  File "/data/data/com.termux/files/usr/lib/python3.13/site-packages/telegram/ext/_handlers/conversationhandler.py", line 841, in handle_update
    new_state: object = await handler.handle_update(
                        ^^^^^^^^^^^^^^^^^^^^^^^^^^^^
        update, application, handler_check_result, context
        ^^^^^^^^^^^^^^^^^^^^^^^^^^^^^^^^^^^^^^^^^^^^^^^^^^
    )
    ^
  File "/data/data/com.termux/files/usr/lib/python3.13/site-packages/telegram/ext/_handlers/basehandler.py", line 159, in handle_update
    return await self.callback(update, context)
           ^^^^^^^^^^^^^^^^^^^^^^^^^^^^^^^^^^^^
  File "/data/data/com.termux/files/home/lyricshub/admin.py", line 459, in full_confirm_callback
    await query.edit_message_text(f"📢 Sending full broadcast to {len(users)} users...")
  File "/data/data/com.termux/files/usr/lib/python3.13/site-packages/telegram/_callbackquery.py", line 269, in edit_message_text
    return await self._get_message().edit_text(
           ^^^^^^^^^^^^^^^^^^^^^^^^^^^^^^^^^^^^
    ...<11 lines>...
    )
    ^
  File "/data/data/com.termux/files/usr/lib/python3.13/site-packages/telegram/_message.py", line 4243, in edit_text
    return await self.get_bot().edit_message_text(
           ^^^^^^^^^^^^^^^^^^^^^^^^^^^^^^^^^^^^^^^
    ...<15 lines>...
    )
    ^
  File "/data/data/com.termux/files/usr/lib/python3.13/site-packages/telegram/ext/_extbot.py", line 1733, in edit_message_text
    return await super().edit_message_text(
           ^^^^^^^^^^^^^^^^^^^^^^^^^^^^^^^^
    ...<15 lines>...
    )
    ^
  File "/data/data/com.termux/files/usr/lib/python3.13/site-packages/telegram/_bot.py", line 4548, in edit_message_text
    return await self._send_message(
           ^^^^^^^^^^^^^^^^^^^^^^^^^
    ...<11 lines>...
    )
    ^
  File "/data/data/com.termux/files/usr/lib/python3.13/site-packages/telegram/ext/_extbot.py", line 630, in _send_message
    result = await super()._send_message(
             ^^^^^^^^^^^^^^^^^^^^^^^^^^^^
    ...<23 lines>...
    )
    ^
  File "/data/data/com.termux/files/usr/lib/python3.13/site-packages/telegram/_bot.py", line 820, in _send_message
    result = await self._post(
             ^^^^^^^^^^^^^^^^^
    ...<7 lines>...
    )
    ^
  File "/data/data/com.termux/files/usr/lib/python3.13/site-packages/telegram/_bot.py", line 704, in _post
    return await self._do_post(
           ^^^^^^^^^^^^^^^^^^^^
    ...<6 lines>...
    )
    ^
  File "/data/data/com.termux/files/usr/lib/python3.13/site-packages/telegram/ext/_extbot.py", line 370, in _do_post
    return await super()._do_post(
           ^^^^^^^^^^^^^^^^^^^^^^^
    ...<6 lines>...
    )
    ^
  File "/data/data/com.termux/files/usr/lib/python3.13/site-packages/telegram/_bot.py", line 733, in _do_post
    result = await request.post(
             ^^^^^^^^^^^^^^^^^^^
    ...<6 lines>...
    )
    ^
  File "/data/data/com.termux/files/usr/lib/python3.13/site-packages/telegram/request/_baserequest.py", line 198, in post
    result = await self._request_wrapper(
             ^^^^^^^^^^^^^^^^^^^^^^^^^^^^
    ...<7 lines>...
    )
    ^
  File "/data/data/com.termux/files/usr/lib/python3.13/site-packages/telegram/request/_baserequest.py", line 375, in _request_wrapper
    raise exception
telegram.error.BadRequest: There is no text in the message to edit
2026-06-03 11:07:57,611 - httpx - INFO - HTTP Request: POST https://api.telegram.org/bot8987927318:AAFAnEY0i6vscxLvgJDWutTIaMkkRtFDJ3w/getUpdates "HTTP/1.1 200 OK"
2026-06-03 11:08:01,296 - httpx - INFO - HTTP Request: POST https://api.telegram.org/bot8987927318:AAFAnEY0i6vscxLvgJDWutTIaMkkRtFDJ3w/getUpdates "HTTP/1.1 200 OK"
2026-06-03 11:08:01,946 - httpx - INFO - HTTP Request: POST https://api.telegram.org/bot8987927318:AAFAnEY0i6vscxLvgJDWutTIaMkkRtFDJ3w/answerCallbackQuery "HTTP/1.1 200 OK"
2026-06-03 11:08:02,143 - httpx - INFO - HTTP Request: POST https://api.telegram.org/bot8987927318:AAFAnEY0i6vscxLvgJDWutTIaMkkRtFDJ3w/editMessageText "HTTP/1.1 400 Bad Request"
2026-06-03 11:08:02,150 - telegram.ext.Application - ERROR - No error handlers are registered, logging exception.
Traceback (most recent call last):
  File "/data/data/com.termux/files/usr/lib/python3.13/site-packages/telegram/ext/_application.py", line 1315, in process_update
    await coroutine
  File "/data/data/com.termux/files/usr/lib/python3.13/site-packages/telegram/ext/_handlers/conversationhandler.py", line 841, in handle_update
    new_state: object = await handler.handle_update(
                        ^^^^^^^^^^^^^^^^^^^^^^^^^^^^
        update, application, handler_check_result, context
        ^^^^^^^^^^^^^^^^^^^^^^^^^^^^^^^^^^^^^^^^^^^^^^^^^^
    )
    ^
  File "/data/data/com.termux/files/usr/lib/python3.13/site-packages/telegram/ext/_handlers/basehandler.py", line 159, in handle_update
    return await self.callback(update, context)
           ^^^^^^^^^^^^^^^^^^^^^^^^^^^^^^^^^^^^
  File "/data/data/com.termux/files/home/lyricshub/admin.py", line 459, in full_confirm_callback
    await query.edit_message_text(f"📢 Sending full broadcast to {len(users)} users...")
  File "/data/data/com.termux/files/usr/lib/python3.13/site-packages/telegram/_callbackquery.py", line 269, in edit_message_text
    return await self._get_message().edit_text(
           ^^^^^^^^^^^^^^^^^^^^^^^^^^^^^^^^^^^^
    ...<11 lines>...
    )
    ^
  File "/data/data/com.termux/files/usr/lib/python3.13/site-packages/telegram/_message.py", line 4243, in edit_text
    return await self.get_bot().edit_message_text(
           ^^^^^^^^^^^^^^^^^^^^^^^^^^^^^^^^^^^^^^^
    ...<15 lines>...
    )
    ^
  File "/data/data/com.termux/files/usr/lib/python3.13/site-packages/telegram/ext/_extbot.py", line 1733, in edit_message_text
    return await super().edit_message_text(
           ^^^^^^^^^^^^^^^^^^^^^^^^^^^^^^^^
    ...<15 lines>...
    )
    ^
  File "/data/data/com.termux/files/usr/lib/python3.13/site-packages/telegram/_bot.py", line 4548, in edit_message_text
    return await self._send_message(
           ^^^^^^^^^^^^^^^^^^^^^^^^^
    ...<11 lines>...
    )
    ^
  File "/data/data/com.termux/files/usr/lib/python3.13/site-packages/telegram/ext/_extbot.py", line 630, in _send_message
    result = await super()._send_message(
             ^^^^^^^^^^^^^^^^^^^^^^^^^^^^
    ...<23 lines>...
    )
    ^
  File "/data/data/com.termux/files/usr/lib/python3.13/site-packages/telegram/_bot.py", line 820, in _send_message
    result = await self._post(
             ^^^^^^^^^^^^^^^^^
    ...<7 lines>...
    )
    ^
  File "/data/data/com.termux/files/usr/lib/python3.13/site-packages/telegram/_bot.py", line 704, in _post
    return await self._do_post(
           ^^^^^^^^^^^^^^^^^^^^
    ...<6 lines>...
    )
    ^
  File "/data/data/com.termux/files/usr/lib/python3.13/site-packages/telegram/ext/_extbot.py", line 370, in _do_post
    return await super()._do_post(
           ^^^^^^^^^^^^^^^^^^^^^^^
    ...<6 lines>...
    )
    ^
  File "/data/data/com.termux/files/usr/lib/python3.13/site-packages/telegram/_bot.py", line 733, in _do_post
    result = await request.post(
             ^^^^^^^^^^^^^^^^^^^
    ...<6 lines>...
    )
    ^
  File "/data/data/com.termux/files/usr/lib/python3.13/site-packages/telegram/request/_baserequest.py", line 198, in post
    result = await self._request_wrapper(
             ^^^^^^^^^^^^^^^^^^^^^^^^^^^^
    ...<7 lines>...
    )
    ^
  File "/data/data/com.termux/files/usr/lib/python3.13/site-packages/telegram/request/_baserequest.py", line 375, in _request_wrapper
    raise exception
telegram.error.BadRequest: There is no text in the message to edit
2026-06-03 11:08:09,634 - httpx - INFO - HTTP Request: POST https://api.telegram.org/bot8987927318:AAFAnEY0i6vscxLvgJDWutTIaMkkRtFDJ3w/getUpdates "HTTP/1.1 200 OK"
2026-06-03 11:08:10,214 - httpx - INFO - HTTP Request: POST https://api.telegram.org/bot8987927318:AAFAnEY0i6vscxLvgJDWutTIaMkkRtFDJ3w/answerCallbackQuery "HTTP/1.1 200 OK"
2026-06-03 11:08:10,371 - httpx - INFO - HTTP Request: POST https://api.telegram.org/bot8987927318:AAFAnEY0i6vscxLvgJDWutTIaMkkRtFDJ3w/editMessageText "HTTP/1.1 400 Bad Request"
2026-06-03 11:08:10,378 - telegram.ext.Application - ERROR - No error handlers are registered, logging exception.
Traceback (most recent call last):
  File "/data/data/com.termux/files/usr/lib/python3.13/site-packages/telegram/ext/_application.py", line 1315, in process_update
    await coroutine
  File "/data/data/com.termux/files/usr/lib/python3.13/site-packages/telegram/ext/_handlers/conversationhandler.py", line 841, in handle_update
    new_state: object = await handler.handle_update(
                        ^^^^^^^^^^^^^^^^^^^^^^^^^^^^
        update, application, handler_check_result, context
        ^^^^^^^^^^^^^^^^^^^^^^^^^^^^^^^^^^^^^^^^^^^^^^^^^^
    )
    ^
  File "/data/data/com.termux/files/usr/lib/python3.13/site-packages/telegram/ext/_handlers/basehandler.py", line 159, in handle_update
    return await self.callback(update, context)
           ^^^^^^^^^^^^^^^^^^^^^^^^^^^^^^^^^^^^
  File "/data/data/com.termux/files/home/lyricshub/admin.py", line 459, in full_confirm_callback
    await query.edit_message_text(f"📢 Sending full broadcast to {len(users)} users...")
  File "/data/data/com.termux/files/usr/lib/python3.13/site-packages/telegram/_callbackquery.py", line 269, in edit_message_text
    return await self._get_message().edit_text(
           ^^^^^^^^^^^^^^^^^^^^^^^^^^^^^^^^^^^^
    ...<11 lines>...
    )
    ^
  File "/data/data/com.termux/files/usr/lib/python3.13/site-packages/telegram/_message.py", line 4243, in edit_text
    return await self.get_bot().edit_message_text(
           ^^^^^^^^^^^^^^^^^^^^^^^^^^^^^^^^^^^^^^^
    ...<15 lines>...
    )
    ^
  File "/data/data/com.termux/files/usr/lib/python3.13/site-packages/telegram/ext/_extbot.py", line 1733, in edit_message_text
    return await super().edit_message_text(
           ^^^^^^^^^^^^^^^^^^^^^^^^^^^^^^^^
    ...<15 lines>...
    )
    ^
  File "/data/data/com.termux/files/usr/lib/python3.13/site-packages/telegram/_bot.py", line 4548, in edit_message_text
    return await self._send_message(
           ^^^^^^^^^^^^^^^^^^^^^^^^^
    ...<11 lines>...
    )
    ^
  File "/data/data/com.termux/files/usr/lib/python3.13/site-packages/telegram/ext/_extbot.py", line 630, in _send_message
    result = await super()._send_message(
             ^^^^^^^^^^^^^^^^^^^^^^^^^^^^
    ...<23 lines>...
    )
    ^
  File "/data/data/com.termux/files/usr/lib/python3.13/site-packages/telegram/_bot.py", line 820, in _send_message
    result = await self._post(
             ^^^^^^^^^^^^^^^^^
    ...<7 lines>...
    )
    ^
  File "/data/data/com.termux/files/usr/lib/python3.13/site-packages/telegram/_bot.py", line 704, in _post
    return await self._do_post(
           ^^^^^^^^^^^^^^^^^^^^
    ...<6 lines>...
    )
    ^
  File "/data/data/com.termux/files/usr/lib/python3.13/site-packages/telegram/ext/_extbot.py", line 370, in _do_post
    return await super()._do_post(
           ^^^^^^^^^^^^^^^^^^^^^^^
    ...<6 lines>...
    )
    ^
  File "/data/data/com.termux/files/usr/lib/python3.13/site-packages/telegram/_bot.py", line 733, in _do_post
    result = await request.post(
             ^^^^^^^^^^^^^^^^^^^
    ...<6 lines>...
    )
    ^
  File "/data/data/com.termux/files/usr/lib/python3.13/site-packages/telegram/request/_baserequest.py", line 198, in post
    result = await self._request_wrapper(
             ^^^^^^^^^^^^^^^^^^^^^^^^^^^^
    ...<7 lines>...
    )
    ^
  File "/data/data/com.termux/files/usr/lib/python3.13/site-packages/telegram/request/_baserequest.py", line 375, in _request_wrapper
    raise exception
telegram.error.BadRequest: There is no text in the message to edit
2026-06-03 11:08:11,382 - httpx - INFO - HTTP Request: POST https://api.telegram.org/bot8987927318:AAFAnEY0i6vscxLvgJDWutTIaMkkRtFDJ3w/getUpdates "HTTP/1.1 200 OK"
2026-06-03 11:08:11,583 - httpx - INFO - HTTP Request: POST https://api.telegram.org/bot8987927318:AAFAnEY0i6vscxLvgJDWutTIaMkkRtFDJ3w/answerCallbackQuery "HTTP/1.1 200 OK"
2026-06-03 11:08:11,743 - httpx - INFO - HTTP Request: POST https://api.telegram.org/bot8987927318:AAFAnEY0i6vscxLvgJDWutTIaMkkRtFDJ3w/editMessageText "HTTP/1.1 400 Bad Request"
2026-06-03 11:08:11,748 - telegram.ext.Application - ERROR - No error handlers are registered, logging exception.
Traceback (most recent call last):
  File "/data/data/com.termux/files/usr/lib/python3.13/site-packages/telegram/ext/_application.py", line 1315, in process_update
    await coroutine
  File "/data/data/com.termux/files/usr/lib/python3.13/site-packages/telegram/ext/_handlers/conversationhandler.py", line 841, in handle_update
    new_state: object = await handler.handle_update(
                        ^^^^^^^^^^^^^^^^^^^^^^^^^^^^
        update, application, handler_check_result, context
        ^^^^^^^^^^^^^^^^^^^^^^^^^^^^^^^^^^^^^^^^^^^^^^^^^^
    )
    ^
  File "/data/data/com.termux/files/usr/lib/python3.13/site-packages/telegram/ext/_handlers/basehandler.py", line 159, in handle_update
    return await self.callback(update, context)
           ^^^^^^^^^^^^^^^^^^^^^^^^^^^^^^^^^^^^
  File "/data/data/com.termux/files/home/lyricshub/admin.py", line 459, in full_confirm_callback
    await query.edit_message_text(f"📢 Sending full broadcast to {len(users)} users...")
  File "/data/data/com.termux/files/usr/lib/python3.13/site-packages/telegram/_callbackquery.py", line 269, in edit_message_text
    return await self._get_message().edit_text(
           ^^^^^^^^^^^^^^^^^^^^^^^^^^^^^^^^^^^^
    ...<11 lines>...
    )
    ^
  File "/data/data/com.termux/files/usr/lib/python3.13/site-packages/telegram/_message.py", line 4243, in edit_text
    return await self.get_bot().edit_message_text(
           ^^^^^^^^^^^^^^^^^^^^^^^^^^^^^^^^^^^^^^^
    ...<15 lines>...
    )
    ^
  File "/data/data/com.termux/files/usr/lib/python3.13/site-packages/telegram/ext/_extbot.py", line 1733, in edit_message_text
    return await super().edit_message_text(
           ^^^^^^^^^^^^^^^^^^^^^^^^^^^^^^^^
    ...<15 lines>...
    )
    ^
  File "/data/data/com.termux/files/usr/lib/python3.13/site-packages/telegram/_bot.py", line 4548, in edit_message_text
    return await self._send_message(
           ^^^^^^^^^^^^^^^^^^^^^^^^^
    ...<11 lines>...
    )
    ^
  File "/data/data/com.termux/files/usr/lib/python3.13/site-packages/telegram/ext/_extbot.py", line 630, in _send_message
    result = await super()._send_message(
             ^^^^^^^^^^^^^^^^^^^^^^^^^^^^
    ...<23 lines>...
    )
    ^
  File "/data/data/com.termux/files/usr/lib/python3.13/site-packages/telegram/_bot.py", line 820, in _send_message
    result = await self._post(
             ^^^^^^^^^^^^^^^^^
    ...<7 lines>...
    )
    ^
  File "/data/data/com.termux/files/usr/lib/python3.13/site-packages/telegram/_bot.py", line 704, in _post
    return await self._do_post(
           ^^^^^^^^^^^^^^^^^^^^
    ...<6 lines>...
    )
    ^
  File "/data/data/com.termux/files/usr/lib/python3.13/site-packages/telegram/ext/_extbot.py", line 370, in _do_post
    return await super()._do_post(
           ^^^^^^^^^^^^^^^^^^^^^^^
    ...<6 lines>...
    )
    ^
  File "/data/data/com.termux/files/usr/lib/python3.13/site-packages/telegram/_bot.py", line 733, in _do_post
    result = await request.post(
             ^^^^^^^^^^^^^^^^^^^
    ...<6 lines>...
    )
    ^
  File "/data/data/com.termux/files/usr/lib/python3.13/site-packages/telegram/request/_baserequest.py", line 198, in post
    result = await self._request_wrapper(
             ^^^^^^^^^^^^^^^^^^^^^^^^^^^^
    ...<7 lines>...
    )
    ^
  File "/data/data/com.termux/files/usr/lib/python3.13/site-packages/telegram/request/_baserequest.py", line 375, in _request_wrapper
    raise exception
telegram.error.BadRequest: There is no text in the message to edit
2026-06-03 11:08:12,667 - httpx - INFO - HTTP Request: POST https://api.telegram.org/bot8987927318:AAFAnEY0i6vscxLvgJDWutTIaMkkRtFDJ3w/getUpdates "HTTP/1.1 200 OK"
2026-06-03 11:08:12,855 - httpx - INFO - HTTP Request: POST https://api.telegram.org/bot8987927318:AAFAnEY0i6vscxLvgJDWutTIaMkkRtFDJ3w/answerCallbackQuery "HTTP/1.1 200 OK"
2026-06-03 11:08:13,044 - httpx - INFO - HTTP Request: POST https://api.telegram.org/bot8987927318:AAFAnEY0i6vscxLvgJDWutTIaMkkRtFDJ3w/editMessageText "HTTP/1.1 400 Bad Request"
2026-06-03 11:08:13,049 - telegram.ext.Application - ERROR - No error handlers are registered, logging exception.
Traceback (most recent call last):
  File "/data/data/com.termux/files/usr/lib/python3.13/site-packages/telegram/ext/_application.py", line 1315, in process_update
    await coroutine
  File "/data/data/com.termux/files/usr/lib/python3.13/site-packages/telegram/ext/_handlers/conversationhandler.py", line 841, in handle_update
    new_state: object = await handler.handle_update(
                        ^^^^^^^^^^^^^^^^^^^^^^^^^^^^
        update, application, handler_check_result, context
        ^^^^^^^^^^^^^^^^^^^^^^^^^^^^^^^^^^^^^^^^^^^^^^^^^^
    )
    ^
  File "/data/data/com.termux/files/usr/lib/python3.13/site-packages/telegram/ext/_handlers/basehandler.py", line 159, in handle_update
    return await self.callback(update, context)
           ^^^^^^^^^^^^^^^^^^^^^^^^^^^^^^^^^^^^
  File "/data/data/com.termux/files/home/lyricshub/admin.py", line 459, in full_confirm_callback
    await query.edit_message_text(f"📢 Sending full broadcast to {len(users)} users...")
  File "/data/data/com.termux/files/usr/lib/python3.13/site-packages/telegram/_callbackquery.py", line 269, in edit_message_text
    return await self._get_message().edit_text(
           ^^^^^^^^^^^^^^^^^^^^^^^^^^^^^^^^^^^^
    ...<11 lines>...
    )
    ^
  File "/data/data/com.termux/files/usr/lib/python3.13/site-packages/telegram/_message.py", line 4243, in edit_text
    return await self.get_bot().edit_message_text(
           ^^^^^^^^^^^^^^^^^^^^^^^^^^^^^^^^^^^^^^^
    ...<15 lines>...
    )
    ^
  File "/data/data/com.termux/files/usr/lib/python3.13/site-packages/telegram/ext/_extbot.py", line 1733, in edit_message_text
    return await super().edit_message_text(
           ^^^^^^^^^^^^^^^^^^^^^^^^^^^^^^^^
    ...<15 lines>...
    )
    ^
  File "/data/data/com.termux/files/usr/lib/python3.13/site-packages/telegram/_bot.py", line 4548, in edit_message_text
    return await self._send_message(
           ^^^^^^^^^^^^^^^^^^^^^^^^^
    ...<11 lines>...
    )
    ^
  File "/data/data/com.termux/files/usr/lib/python3.13/site-packages/telegram/ext/_extbot.py", line 630, in _send_message
    result = await super()._send_message(
             ^^^^^^^^^^^^^^^^^^^^^^^^^^^^
    ...<23 lines>...
    )
    ^
  File "/data/data/com.termux/files/usr/lib/python3.13/site-packages/telegram/_bot.py", line 820, in _send_message
    result = await self._post(
             ^^^^^^^^^^^^^^^^^
    ...<7 lines>...
    )
    ^
  File "/data/data/com.termux/files/usr/lib/python3.13/site-packages/telegram/_bot.py", line 704, in _post
    return await self._do_post(
           ^^^^^^^^^^^^^^^^^^^^
    ...<6 lines>...
    )
    ^
  File "/data/data/com.termux/files/usr/lib/python3.13/site-packages/telegram/ext/_extbot.py", line 370, in _do_post
    return await super()._do_post(
           ^^^^^^^^^^^^^^^^^^^^^^^
    ...<6 lines>...
    )
    ^
  File "/data/data/com.termux/files/usr/lib/python3.13/site-packages/telegram/_bot.py", line 733, in _do_post
    result = await request.post(
             ^^^^^^^^^^^^^^^^^^^
    ...<6 lines>...
    )
    ^
  File "/data/data/com.termux/files/usr/lib/python3.13/site-packages/telegram/request/_baserequest.py", line 198, in post
    result = await self._request_wrapper(
             ^^^^^^^^^^^^^^^^^^^^^^^^^^^^
    ...<7 lines>...
    )
    ^
  File "/data/data/com.termux/files/usr/lib/python3.13/site-packages/telegram/request/_baserequest.py", line 375, in _request_wrapper
    raise exception
telegram.error.BadRequest: There is no text in the message to edit
2026-06-03 11:08:14,064 - httpx - INFO - HTTP Request: POST https://api.telegram.org/bot8987927318:AAFAnEY0i6vscxLvgJDWutTIaMkkRtFDJ3w/getUpdates "HTTP/1.1 200 OK"
2026-06-03 11:08:14,231 - httpx - INFO - HTTP Request: POST https://api.telegram.org/bot8987927318:AAFAnEY0i6vscxLvgJDWutTIaMkkRtFDJ3w/answerCallbackQuery "HTTP/1.1 200 OK"
2026-06-03 11:08:14,386 - httpx - INFO - HTTP Request: POST https://api.telegram.org/bot8987927318:AAFAnEY0i6vscxLvgJDWutTIaMkkRtFDJ3w/editMessageText "HTTP/1.1 400 Bad Request"
2026-06-03 11:08:14,392 - telegram.ext.Application - ERROR - No error handlers are registered, logging exception.
Traceback (most recent call last):
  File "/data/data/com.termux/files/usr/lib/python3.13/site-packages/telegram/ext/_application.py", line 1315, in process_update
    await coroutine
  File "/data/data/com.termux/files/usr/lib/python3.13/site-packages/telegram/ext/_handlers/conversationhandler.py", line 841, in handle_update
    new_state: object = await handler.handle_update(
                        ^^^^^^^^^^^^^^^^^^^^^^^^^^^^
        update, application, handler_check_result, context
        ^^^^^^^^^^^^^^^^^^^^^^^^^^^^^^^^^^^^^^^^^^^^^^^^^^
    )
    ^
  File "/data/data/com.termux/files/usr/lib/python3.13/site-packages/telegram/ext/_handlers/basehandler.py", line 159, in handle_update
    return await self.callback(update, context)
           ^^^^^^^^^^^^^^^^^^^^^^^^^^^^^^^^^^^^
  File "/data/data/com.termux/files/home/lyricshub/admin.py", line 459, in full_confirm_callback
    await query.edit_message_text(f"📢 Sending full broadcast to {len(users)} users...")
  File "/data/data/com.termux/files/usr/lib/python3.13/site-packages/telegram/_callbackquery.py", line 269, in edit_message_text
    return await self._get_message().edit_text(
           ^^^^^^^^^^^^^^^^^^^^^^^^^^^^^^^^^^^^
    ...<11 lines>...
    )
    ^
  File "/data/data/com.termux/files/usr/lib/python3.13/site-packages/telegram/_message.py", line 4243, in edit_text
    return await self.get_bot().edit_message_text(
           ^^^^^^^^^^^^^^^^^^^^^^^^^^^^^^^^^^^^^^^
    ...<15 lines>...
    )
    ^
  File "/data/data/com.termux/files/usr/lib/python3.13/site-packages/telegram/ext/_extbot.py", line 1733, in edit_message_text
    return await super().edit_message_text(
           ^^^^^^^^^^^^^^^^^^^^^^^^^^^^^^^^
    ...<15 lines>...
    )
    ^
  File "/data/data/com.termux/files/usr/lib/python3.13/site-packages/telegram/_bot.py", line 4548, in edit_message_text
    return await self._send_message(
           ^^^^^^^^^^^^^^^^^^^^^^^^^
    ...<11 lines>...
    )
    ^
  File "/data/data/com.termux/files/usr/lib/python3.13/site-packages/telegram/ext/_extbot.py", line 630, in _send_message
    result = await super()._send_message(
             ^^^^^^^^^^^^^^^^^^^^^^^^^^^^
    ...<23 lines>...
    )
    ^
  File "/data/data/com.termux/files/usr/lib/python3.13/site-packages/telegram/_bot.py", line 820, in _send_message
    result = await self._post(
             ^^^^^^^^^^^^^^^^^
    ...<7 lines>...
    )
    ^
  File "/data/data/com.termux/files/usr/lib/python3.13/site-packages/telegram/_bot.py", line 704, in _post
    return await self._do_post(
           ^^^^^^^^^^^^^^^^^^^^
    ...<6 lines>...
    )
    ^
  File "/data/data/com.termux/files/usr/lib/python3.13/site-packages/telegram/ext/_extbot.py", line 370, in _do_post
    return await super()._do_post(
           ^^^^^^^^^^^^^^^^^^^^^^^
    ...<6 lines>...
    )
    ^
  File "/data/data/com.termux/files/usr/lib/python3.13/site-packages/telegram/_bot.py", line 733, in _do_post
    result = await request.post(
             ^^^^^^^^^^^^^^^^^^^
    ...<6 lines>...
    )
    ^
  File "/data/data/com.termux/files/usr/lib/python3.13/site-packages/telegram/request/_baserequest.py", line 198, in post
    result = await self._request_wrapper(
             ^^^^^^^^^^^^^^^^^^^^^^^^^^^^
    ...<7 lines>...
    )
    ^
  File "/data/data/com.termux/files/usr/lib/python3.13/site-packages/telegram/request/_baserequest.py", line 375, in _request_wrapper
    raise exception
telegram.error.BadRequest: There is no text in the message to edit
2026-06-03 11:08:14,623 - httpx - INFO - HTTP Request: POST https://api.telegram.org/bot8987927318:AAFAnEY0i6vscxLvgJDWutTIaMkkRtFDJ3w/answerCallbackQuery "HTTP/1.1 200 OK"
2026-06-03 11:08:14,792 - httpx - INFO - HTTP Request: POST https://api.telegram.org/bot8987927318:AAFAnEY0i6vscxLvgJDWutTIaMkkRtFDJ3w/editMessageText "HTTP/1.1 400 Bad Request"
2026-06-03 11:08:14,798 - telegram.ext.Application - ERROR - No error handlers are registered, logging exception.
Traceback (most recent call last):
  File "/data/data/com.termux/files/usr/lib/python3.13/site-packages/telegram/ext/_application.py", line 1315, in process_update
    await coroutine
  File "/data/data/com.termux/files/usr/lib/python3.13/site-packages/telegram/ext/_handlers/conversationhandler.py", line 841, in handle_update
    new_state: object = await handler.handle_update(
                        ^^^^^^^^^^^^^^^^^^^^^^^^^^^^
        update, application, handler_check_result, context
        ^^^^^^^^^^^^^^^^^^^^^^^^^^^^^^^^^^^^^^^^^^^^^^^^^^
    )
    ^
  File "/data/data/com.termux/files/usr/lib/python3.13/site-packages/telegram/ext/_handlers/basehandler.py", line 159, in handle_update
    return await self.callback(update, context)
           ^^^^^^^^^^^^^^^^^^^^^^^^^^^^^^^^^^^^
  File "/data/data/com.termux/files/home/lyricshub/admin.py", line 459, in full_confirm_callback
    await query.edit_message_text(f"📢 Sending full broadcast to {len(users)} users...")
  File "/data/data/com.termux/files/usr/lib/python3.13/site-packages/telegram/_callbackquery.py", line 269, in edit_message_text
    return await self._get_message().edit_text(
           ^^^^^^^^^^^^^^^^^^^^^^^^^^^^^^^^^^^^
    ...<11 lines>...
    )
    ^
  File "/data/data/com.termux/files/usr/lib/python3.13/site-packages/telegram/_message.py", line 4243, in edit_text
    return await self.get_bot().edit_message_text(
           ^^^^^^^^^^^^^^^^^^^^^^^^^^^^^^^^^^^^^^^
    ...<15 lines>...
    )
    ^
  File "/data/data/com.termux/files/usr/lib/python3.13/site-packages/telegram/ext/_extbot.py", line 1733, in edit_message_text
    return await super().edit_message_text(
           ^^^^^^^^^^^^^^^^^^^^^^^^^^^^^^^^
    ...<15 lines>...
    )
    ^
  File "/data/data/com.termux/files/usr/lib/python3.13/site-packages/telegram/_bot.py", line 4548, in edit_message_text
    return await self._send_message(
           ^^^^^^^^^^^^^^^^^^^^^^^^^
    ...<11 lines>...
    )
    ^
  File "/data/data/com.termux/files/usr/lib/python3.13/site-packages/telegram/ext/_extbot.py", line 630, in _send_message
    result = await super()._send_message(
             ^^^^^^^^^^^^^^^^^^^^^^^^^^^^
    ...<23 lines>...
    )
    ^
  File "/data/data/com.termux/files/usr/lib/python3.13/site-packages/telegram/_bot.py", line 820, in _send_message
    result = await self._post(
             ^^^^^^^^^^^^^^^^^
    ...<7 lines>...
    )
    ^
  File "/data/data/com.termux/files/usr/lib/python3.13/site-packages/telegram/_bot.py", line 704, in _post
    return await self._do_post(
           ^^^^^^^^^^^^^^^^^^^^
    ...<6 lines>...
    )
    ^
  File "/data/data/com.termux/files/usr/lib/python3.13/site-packages/telegram/ext/_extbot.py", line 370, in _do_post
    return await super()._do_post(
           ^^^^^^^^^^^^^^^^^^^^^^^
    ...<6 lines>...
    )
    ^
  File "/data/data/com.termux/files/usr/lib/python3.13/site-packages/telegram/_bot.py", line 733, in _do_post
    result = await request.post(
             ^^^^^^^^^^^^^^^^^^^
    ...<6 lines>...
    )
    ^
  File "/data/data/com.termux/files/usr/lib/python3.13/site-packages/telegram/request/_baserequest.py", line 198, in post
    result = await self._request_wrapper(
             ^^^^^^^^^^^^^^^^^^^^^^^^^^^^
    ...<7 lines>...
    )
    ^
  File "/data/data/com.termux/files/usr/lib/python3.13/site-packages/telegram/request/_baserequest.py", line 375, in _request_wrapper
    raise exception
telegram.error.BadRequest: There is no text in the message to edit
2026-06-03 11:08:16,142 - httpx - INFO - HTTP Request: POST https://api.telegram.org/bot8987927318:AAFAnEY0i6vscxLvgJDWutTIaMkkRtFDJ3w/getUpdates "HTTP/1.1 200 OK"
2026-06-03 11:08:16,314 - httpx - INFO - HTTP Request: POST https://api.telegram.org/bot8987927318:AAFAnEY0i6vscxLvgJDWutTIaMkkRtFDJ3w/answerCallbackQuery "HTTP/1.1 200 OK"
2026-06-03 11:08:16,473 - httpx - INFO - HTTP Request: POST https://api.telegram.org/bot8987927318:AAFAnEY0i6vscxLvgJDWutTIaMkkRtFDJ3w/editMessageText "HTTP/1.1 400 Bad Request"
2026-06-03 11:08:16,478 - telegram.ext.Application - ERROR - No error handlers are registered, logging exception.
Traceback (most recent call last):
  File "/data/data/com.termux/files/usr/lib/python3.13/site-packages/telegram/ext/_application.py", line 1315, in process_update
    await coroutine
  File "/data/data/com.termux/files/usr/lib/python3.13/site-packages/telegram/ext/_handlers/conversationhandler.py", line 841, in handle_update
    new_state: object = await handler.handle_update(
                        ^^^^^^^^^^^^^^^^^^^^^^^^^^^^
        update, application, handler_check_result, context
        ^^^^^^^^^^^^^^^^^^^^^^^^^^^^^^^^^^^^^^^^^^^^^^^^^^
    )
    ^
  File "/data/data/com.termux/files/usr/lib/python3.13/site-packages/telegram/ext/_handlers/basehandler.py", line 159, in handle_update
    return await self.callback(update, context)
           ^^^^^^^^^^^^^^^^^^^^^^^^^^^^^^^^^^^^
  File "/data/data/com.termux/files/home/lyricshub/admin.py", line 459, in full_confirm_callback
    await query.edit_message_text(f"📢 Sending full broadcast to {len(users)} users...")
  File "/data/data/com.termux/files/usr/lib/python3.13/site-packages/telegram/_callbackquery.py", line 269, in edit_message_text
    return await self._get_message().edit_text(
           ^^^^^^^^^^^^^^^^^^^^^^^^^^^^^^^^^^^^
    ...<11 lines>...
    )
    ^
  File "/data/data/com.termux/files/usr/lib/python3.13/site-packages/telegram/_message.py", line 4243, in edit_text
    return await self.get_bot().edit_message_text(
           ^^^^^^^^^^^^^^^^^^^^^^^^^^^^^^^^^^^^^^^
    ...<15 lines>...
    )
    ^
  File "/data/data/com.termux/files/usr/lib/python3.13/site-packages/telegram/ext/_extbot.py", line 1733, in edit_message_text
    return await super().edit_message_text(
           ^^^^^^^^^^^^^^^^^^^^^^^^^^^^^^^^
    ...<15 lines>...
    )
    ^
  File "/data/data/com.termux/files/usr/lib/python3.13/site-packages/telegram/_bot.py", line 4548, in edit_message_text
    return await self._send_message(
           ^^^^^^^^^^^^^^^^^^^^^^^^^
    ...<11 lines>...
    )
    ^
  File "/data/data/com.termux/files/usr/lib/python3.13/site-packages/telegram/ext/_extbot.py", line 630, in _send_message
    result = await super()._send_message(
             ^^^^^^^^^^^^^^^^^^^^^^^^^^^^
    ...<23 lines>...
    )
    ^
  File "/data/data/com.termux/files/usr/lib/python3.13/site-packages/telegram/_bot.py", line 820, in _send_message
    result = await self._post(
             ^^^^^^^^^^^^^^^^^
    ...<7 lines>...
    )
    ^
  File "/data/data/com.termux/files/usr/lib/python3.13/site-packages/telegram/_bot.py", line 704, in _post
    return await self._do_post(
           ^^^^^^^^^^^^^^^^^^^^
    ...<6 lines>...
    )
    ^
  File "/data/data/com.termux/files/usr/lib/python3.13/site-packages/telegram/ext/_extbot.py", line 370, in _do_post
    return await super()._do_post(
           ^^^^^^^^^^^^^^^^^^^^^^^
    ...<6 lines>...
    )
    ^
  File "/data/data/com.termux/files/usr/lib/python3.13/site-packages/telegram/_bot.py", line 733, in _do_post
    result = await request.post(
             ^^^^^^^^^^^^^^^^^^^
    ...<6 lines>...
    )
    ^
  File "/data/data/com.termux/files/usr/lib/python3.13/site-packages/telegram/request/_baserequest.py", line 198, in post
    result = await self._request_wrapper(
             ^^^^^^^^^^^^^^^^^^^^^^^^^^^^
    ...<7 lines>...
    )
    ^
  File "/data/data/com.termux/files/usr/lib/python3.13/site-packages/telegram/request/_baserequest.py", line 375, in _request_wrapper
    raise exception
telegram.error.BadRequest: There is no text in the message to edit
2026-06-03 11:08:27,357 - httpx - INFO - HTTP Request: POST https://api.telegram.org/bot8987927318:AAFAnEY0i6vscxLvgJDWutTIaMkkRtFDJ3w/getUpdates "HTTP/1.1 200 OK"
2026-06-03 11:08:41,092 - httpx - INFO - HTTP Request: POST https://api.telegram.org/bot8987927318:AAFAnEY0i6vscxLvgJDWutTIaMkkRtFDJ3w/getUpdates "HTTP/1.1 200 OK"
2026-06-03 11:08:52,317 - httpx - INFO - HTTP Request: POST https://api.telegram.org/bot8987927318:AAFAnEY0i6vscxLvgJDWutTIaMkkRtFDJ3w/getUpdates "HTTP/1.1 200 OK"
2026-06-03 11:09:03,695 - httpx - INFO - HTTP Request: POST https://api.telegram.org/bot8987927318:AAFAnEY0i6vscxLvgJDWutTIaMkkRtFDJ3w/getUpdates "HTTP/1.1 200 OK"
2026-06-03 11:09:15,073 - httpx - INFO - HTTP Request: POST https://api.telegram.org/bot8987927318:AAFAnEY0i6vscxLvgJDWutTIaMkkRtFDJ3w/getUpdates "HTTP/1.1 200 OK"
2026-06-03 11:09:27,058 - httpx - INFO - HTTP Request: POST https://api.telegram.org/bot8987927318:AAFAnEY0i6vscxLvgJDWutTIaMkkRtFDJ3w/getUpdates "HTTP/1.1 200 OK"
2026-06-03 11:09:38,582 - httpx - INFO - HTTP Request: POST https://api.telegram.org/bot8987927318:AAFAnEY0i6vscxLvgJDWutTIaMkkRtFDJ3w/getUpdates "HTTP/1.1 200 OK"
2026-06-03 11:09:49,771 - httpx - INFO - HTTP Request: POST https://api.telegram.org/bot8987927318:AAFAnEY0i6vscxLvgJDWutTIaMkkRtFDJ3w/getUpdates "HTTP/1.1 200 OK"
2026-06-03 11:10:01,279 - httpx - INFO - HTTP Request: POST https://api.telegram.org/bot8987927318:AAFAnEY0i6vscxLvgJDWutTIaMkkRtFDJ3w/getUpdates "HTTP/1.1 200 OK"
2026-06-03 11:10:12,504 - httpx - INFO - HTTP Request: POST https://api.telegram.org/bot8987927318:AAFAnEY0i6vscxLvgJDWutTIaMkkRtFDJ3w/getUpdates "HTTP/1.1 200 OK"
2026-06-03 11:10:23,692 - httpx - INFO - HTTP Request: POST https://api.telegram.org/bot8987927318:AAFAnEY0i6vscxLvgJDWutTIaMkkRtFDJ3w/getUpdates "HTTP/1.1 200 OK"
2026-06-03 11:10:34,945 - httpx - INFO - HTTP Request: POST https://api.telegram.org/bot8987927318:AAFAnEY0i6vscxLvgJDWutTIaMkkRtFDJ3w/getUpdates "HTTP/1.1 200 OK"
2026-06-03 11:10:46,172 - httpx - INFO - HTTP Request: POST https://api.telegram.org/bot8987927318:AAFAnEY0i6vscxLvgJDWutTIaMkkRtFDJ3w/getUpdates "HTTP/1.1 200 OK"
2026-06-03 11:10:57,334 - httpx - INFO - HTTP Request: POST https://api.telegram.org/bot8987927318:AAFAnEY0i6vscxLvgJDWutTIaMkkRtFDJ3w/getUpdates "HTTP/1.1 200 OK"
2026-06-03 11:11:08,538 - httpx - INFO - HTTP Request: POST https://api.telegram.org/bot8987927318:AAFAnEY0i6vscxLvgJDWutTIaMkkRtFDJ3w/getUpdates "HTTP/1.1 200 OK"
2026-06-03 11:11:19,907 - httpx - INFO - HTTP Request: POST https://api.telegram.org/bot8987927318:AAFAnEY0i6vscxLvgJDWutTIaMkkRtFDJ3w/getUpdates "HTTP/1.1 200 OK"
2026-06-03 11:11:26,069 - httpx - INFO - HTTP Request: POST https://api.telegram.org/bot8987927318:AAFAnEY0i6vscxLvgJDWutTIaMkkRtFDJ3w/getUpdates "HTTP/1.1 200 OK"
2026-06-03 11:11:26,074 - telegram.ext.Application - INFO - Application is stopping. This might take a moment.
2026-06-03 11:11:26,083 - telegram.ext.Application - INFO - Application.stop() complete
2026-06-03 11:11:55,868 - database - INFO - Loaded 1 users
2026-06-03 11:11:56,711 - __main__ - INFO - ==================================================
2026-06-03 11:11:56,712 - __main__ - INFO - 🤖 Lyrics Hub Bot Started Successfully!
2026-06-03 11:11:56,712 - __main__ - INFO - ==================================================
2026-06-03 11:11:57,512 - httpx - INFO - HTTP Request: POST https://api.telegram.org/bot8987927318:AAFAnEY0i6vscxLvgJDWutTIaMkkRtFDJ3w/getMe "HTTP/1.1 200 OK"
2026-06-03 11:11:57,669 - httpx - INFO - HTTP Request: POST https://api.telegram.org/bot8987927318:AAFAnEY0i6vscxLvgJDWutTIaMkkRtFDJ3w/deleteWebhook "HTTP/1.1 200 OK"
2026-06-03 11:11:57,685 - telegram.ext.Application - INFO - Application started
2026-06-03 11:12:01,539 - httpx - INFO - HTTP Request: POST https://api.telegram.org/bot8987927318:AAFAnEY0i6vscxLvgJDWutTIaMkkRtFDJ3w/getUpdates "HTTP/1.1 200 OK"
2026-06-03 11:12:12,723 - httpx - INFO - HTTP Request: POST https://api.telegram.org/bot8987927318:AAFAnEY0i6vscxLvgJDWutTIaMkkRtFDJ3w/getUpdates "HTTP/1.1 200 OK"
2026-06-03 11:12:18,631 - httpx - INFO - HTTP Request: POST https://api.telegram.org/bot8987927318:AAFAnEY0i6vscxLvgJDWutTIaMkkRtFDJ3w/getUpdates "HTTP/1.1 200 OK"
2026-06-03 11:12:19,241 - httpx - INFO - HTTP Request: POST https://api.telegram.org/bot8987927318:AAFAnEY0i6vscxLvgJDWutTIaMkkRtFDJ3w/sendMessage "HTTP/1.1 200 OK"
2026-06-03 11:12:22,652 - httpx - INFO - HTTP Request: POST https://api.telegram.org/bot8987927318:AAFAnEY0i6vscxLvgJDWutTIaMkkRtFDJ3w/getUpdates "HTTP/1.1 200 OK"
2026-06-03 11:12:22,849 - httpx - INFO - HTTP Request: POST https://api.telegram.org/bot8987927318:AAFAnEY0i6vscxLvgJDWutTIaMkkRtFDJ3w/answerCallbackQuery "HTTP/1.1 200 OK"
2026-06-03 11:12:23,022 - httpx - INFO - HTTP Request: POST https://api.telegram.org/bot8987927318:AAFAnEY0i6vscxLvgJDWutTIaMkkRtFDJ3w/editMessageText "HTTP/1.1 200 OK"
2026-06-03 11:12:33,969 - httpx - INFO - HTTP Request: POST https://api.telegram.org/bot8987927318:AAFAnEY0i6vscxLvgJDWutTIaMkkRtFDJ3w/getUpdates "HTTP/1.1 200 OK"
2026-06-03 11:12:45,220 - httpx - INFO - HTTP Request: POST https://api.telegram.org/bot8987927318:AAFAnEY0i6vscxLvgJDWutTIaMkkRtFDJ3w/getUpdates "HTTP/1.1 200 OK"
2026-06-03 11:12:50,043 - httpx - INFO - HTTP Request: POST https://api.telegram.org/bot8987927318:AAFAnEY0i6vscxLvgJDWutTIaMkkRtFDJ3w/getUpdates "HTTP/1.1 200 OK"
2026-06-03 11:12:50,789 - httpx - INFO - HTTP Request: POST https://api.telegram.org/bot8987927318:AAFAnEY0i6vscxLvgJDWutTIaMkkRtFDJ3w/sendMessage "HTTP/1.1 200 OK"
2026-06-03 11:13:01,260 - httpx - INFO - HTTP Request: POST https://api.telegram.org/bot8987927318:AAFAnEY0i6vscxLvgJDWutTIaMkkRtFDJ3w/getUpdates "HTTP/1.1 200 OK"
2026-06-03 11:13:12,587 - httpx - INFO - HTTP Request: POST https://api.telegram.org/bot8987927318:AAFAnEY0i6vscxLvgJDWutTIaMkkRtFDJ3w/getUpdates "HTTP/1.1 200 OK"
2026-06-03 11:13:14,076 - httpx - INFO - HTTP Request: POST https://api.telegram.org/bot8987927318:AAFAnEY0i6vscxLvgJDWutTIaMkkRtFDJ3w/getUpdates "HTTP/1.1 200 OK"
2026-06-03 11:13:14,733 - httpx - INFO - HTTP Request: POST https://api.telegram.org/bot8987927318:AAFAnEY0i6vscxLvgJDWutTIaMkkRtFDJ3w/sendMessage "HTTP/1.1 200 OK"
2026-06-03 11:13:19,096 - httpx - INFO - HTTP Request: POST https://api.telegram.org/bot8987927318:AAFAnEY0i6vscxLvgJDWutTIaMkkRtFDJ3w/getUpdates "HTTP/1.1 200 OK"
2026-06-03 11:13:19,313 - httpx - INFO - HTTP Request: POST https://api.telegram.org/bot8987927318:AAFAnEY0i6vscxLvgJDWutTIaMkkRtFDJ3w/sendMessage "HTTP/1.1 200 OK"
2026-06-03 11:13:29,756 - httpx - INFO - HTTP Request: POST https://api.telegram.org/bot8987927318:AAFAnEY0i6vscxLvgJDWutTIaMkkRtFDJ3w/getUpdates "HTTP/1.1 200 OK"
2026-06-03 11:13:30,230 - httpx - INFO - HTTP Request: POST https://api.telegram.org/bot8987927318:AAFAnEY0i6vscxLvgJDWutTIaMkkRtFDJ3w/sendMessage "HTTP/1.1 200 OK"
2026-06-03 11:13:36,468 - httpx - INFO - HTTP Request: POST https://api.telegram.org/bot8987927318:AAFAnEY0i6vscxLvgJDWutTIaMkkRtFDJ3w/getUpdates "HTTP/1.1 200 OK"
2026-06-03 11:13:37,580 - httpx - INFO - HTTP Request: POST https://api.telegram.org/bot8987927318:AAFAnEY0i6vscxLvgJDWutTIaMkkRtFDJ3w/sendPhoto "HTTP/1.1 200 OK"
2026-06-03 11:13:39,578 - httpx - INFO - HTTP Request: POST https://api.telegram.org/bot8987927318:AAFAnEY0i6vscxLvgJDWutTIaMkkRtFDJ3w/getUpdates "HTTP/1.1 200 OK"
2026-06-03 11:13:39,743 - httpx - INFO - HTTP Request: POST https://api.telegram.org/bot8987927318:AAFAnEY0i6vscxLvgJDWutTIaMkkRtFDJ3w/answerCallbackQuery "HTTP/1.1 200 OK"
2026-06-03 11:13:39,951 - httpx - INFO - HTTP Request: POST https://api.telegram.org/bot8987927318:AAFAnEY0i6vscxLvgJDWutTIaMkkRtFDJ3w/sendMessage "HTTP/1.1 200 OK"
2026-06-03 11:13:40,157 - httpx - INFO - HTTP Request: POST https://api.telegram.org/bot8987927318:AAFAnEY0i6vscxLvgJDWutTIaMkkRtFDJ3w/sendPhoto "HTTP/1.1 200 OK"
2026-06-03 11:13:40,383 - httpx - INFO - HTTP Request: POST https://api.telegram.org/bot8987927318:AAFAnEY0i6vscxLvgJDWutTIaMkkRtFDJ3w/deleteMessage "HTTP/1.1 200 OK"
2026-06-03 11:13:40,536 - httpx - INFO - HTTP Request: POST https://api.telegram.org/bot8987927318:AAFAnEY0i6vscxLvgJDWutTIaMkkRtFDJ3w/deleteMessage "HTTP/1.1 200 OK"
2026-06-03 11:13:40,716 - httpx - INFO - HTTP Request: POST https://api.telegram.org/bot8987927318:AAFAnEY0i6vscxLvgJDWutTIaMkkRtFDJ3w/sendMessage "HTTP/1.1 200 OK"
2026-06-03 11:13:50,982 - httpx - INFO - HTTP Request: POST https://api.telegram.org/bot8987927318:AAFAnEY0i6vscxLvgJDWutTIaMkkRtFDJ3w/getUpdates "HTTP/1.1 200 OK"
2026-06-03 11:14:02,204 - httpx - INFO - HTTP Request: POST https://api.telegram.org/bot8987927318:AAFAnEY0i6vscxLvgJDWutTIaMkkRtFDJ3w/getUpdates "HTTP/1.1 200 OK"
2026-06-03 11:14:13,514 - httpx - INFO - HTTP Request: POST https://api.telegram.org/bot8987927318:AAFAnEY0i6vscxLvgJDWutTIaMkkRtFDJ3w/getUpdates "HTTP/1.1 200 OK"
2026-06-03 11:14:19,423 - httpx - INFO - HTTP Request: POST https://api.telegram.org/bot8987927318:AAFAnEY0i6vscxLvgJDWutTIaMkkRtFDJ3w/getUpdates "HTTP/1.1 200 OK"
2026-06-03 11:14:20,316 - httpx - INFO - HTTP Request: POST https://api.telegram.org/bot8987927318:AAFAnEY0i6vscxLvgJDWutTIaMkkRtFDJ3w/sendMessage "HTTP/1.1 200 OK"
2026-06-03 11:14:22,421 - httpx - INFO - HTTP Request: POST https://api.telegram.org/bot8987927318:AAFAnEY0i6vscxLvgJDWutTIaMkkRtFDJ3w/sendMessage "HTTP/1.1 200 OK"
2026-06-03 11:14:22,605 - httpx - INFO - HTTP Request: POST https://api.telegram.org/bot8987927318:AAFAnEY0i6vscxLvgJDWutTIaMkkRtFDJ3w/deleteMessage "HTTP/1.1 200 OK"
2026-06-03 11:14:24,522 - httpx - INFO - HTTP Request: POST https://api.telegram.org/bot8987927318:AAFAnEY0i6vscxLvgJDWutTIaMkkRtFDJ3w/getUpdates "HTTP/1.1 200 OK"
2026-06-03 11:14:24,800 - httpx - INFO - HTTP Request: POST https://api.telegram.org/bot8987927318:AAFAnEY0i6vscxLvgJDWutTIaMkkRtFDJ3w/answerCallbackQuery "HTTP/1.1 200 OK"
2026-06-03 11:14:24,980 - httpx - INFO - HTTP Request: POST https://api.telegram.org/bot8987927318:AAFAnEY0i6vscxLvgJDWutTIaMkkRtFDJ3w/editMessageText "HTTP/1.1 200 OK"
2026-06-03 11:14:25,706 - httpx - INFO - HTTP Request: POST https://api.telegram.org/bot8987927318:AAFAnEY0i6vscxLvgJDWutTIaMkkRtFDJ3w/getUpdates "HTTP/1.1 200 OK"
2026-06-03 11:14:27,230 - httpx - INFO - HTTP Request: POST https://api.telegram.org/bot8987927318:AAFAnEY0i6vscxLvgJDWutTIaMkkRtFDJ3w/editMessageText "HTTP/1.1 200 OK"
2026-06-03 11:14:27,435 - httpx - INFO - HTTP Request: POST https://api.telegram.org/bot8987927318:AAFAnEY0i6vscxLvgJDWutTIaMkkRtFDJ3w/answerCallbackQuery "HTTP/1.1 200 OK"
2026-06-03 11:14:27,675 - httpx - INFO - HTTP Request: POST https://api.telegram.org/bot8987927318:AAFAnEY0i6vscxLvgJDWutTIaMkkRtFDJ3w/editMessageText "HTTP/1.1 200 OK"
2026-06-03 11:14:30,478 - httpx - INFO - HTTP Request: POST https://api.telegram.org/bot8987927318:AAFAnEY0i6vscxLvgJDWutTIaMkkRtFDJ3w/editMessageText "HTTP/1.1 200 OK"
2026-06-03 11:14:36,876 - httpx - INFO - HTTP Request: POST https://api.telegram.org/bot8987927318:AAFAnEY0i6vscxLvgJDWutTIaMkkRtFDJ3w/getUpdates "HTTP/1.1 200 OK"
2026-06-03 11:14:48,242 - httpx - INFO - HTTP Request: POST https://api.telegram.org/bot8987927318:AAFAnEY0i6vscxLvgJDWutTIaMkkRtFDJ3w/getUpdates "HTTP/1.1 200 OK"
2026-06-03 11:14:59,739 - httpx - INFO - HTTP Request: POST https://api.telegram.org/bot8987927318:AAFAnEY0i6vscxLvgJDWutTIaMkkRtFDJ3w/getUpdates "HTTP/1.1 200 OK"
2026-06-03 11:15:11,520 - httpx - INFO - HTTP Request: POST https://api.telegram.org/bot8987927318:AAFAnEY0i6vscxLvgJDWutTIaMkkRtFDJ3w/getUpdates "HTTP/1.1 200 OK"
2026-06-03 11:15:22,745 - httpx - INFO - HTTP Request: POST https://api.telegram.org/bot8987927318:AAFAnEY0i6vscxLvgJDWutTIaMkkRtFDJ3w/getUpdates "HTTP/1.1 200 OK"
2026-06-03 11:15:34,011 - httpx - INFO - HTTP Request: POST https://api.telegram.org/bot8987927318:AAFAnEY0i6vscxLvgJDWutTIaMkkRtFDJ3w/getUpdates "HTTP/1.1 200 OK"
2026-06-03 11:15:45,391 - httpx - INFO - HTTP Request: POST https://api.telegram.org/bot8987927318:AAFAnEY0i6vscxLvgJDWutTIaMkkRtFDJ3w/getUpdates "HTTP/1.1 200 OK"
2026-06-03 11:15:56,633 - httpx - INFO - HTTP Request: POST https://api.telegram.org/bot8987927318:AAFAnEY0i6vscxLvgJDWutTIaMkkRtFDJ3w/getUpdates "HTTP/1.1 200 OK"
2026-06-03 11:16:07,849 - httpx - INFO - HTTP Request: POST https://api.telegram.org/bot8987927318:AAFAnEY0i6vscxLvgJDWutTIaMkkRtFDJ3w/getUpdates "HTTP/1.1 200 OK"
2026-06-03 11:16:19,048 - httpx - INFO - HTTP Request: POST https://api.telegram.org/bot8987927318:AAFAnEY0i6vscxLvgJDWutTIaMkkRtFDJ3w/getUpdates "HTTP/1.1 200 OK"
2026-06-03 11:16:24,440 - httpx - INFO - HTTP Request: POST https://api.telegram.org/bot8987927318:AAFAnEY0i6vscxLvgJDWutTIaMkkRtFDJ3w/getUpdates "HTTP/1.1 200 OK"
2026-06-03 11:16:24,445 - telegram.ext.Application - INFO - Application is stopping. This might take a moment.
2026-06-03 11:16:24,570 - telegram.ext.Application - INFO - Application.stop() complete
2026-06-03 11:16:24,917 - asyncio - ERROR - Task was destroyed but it is pending!
task: <Task pending name='Task-34' coro=<DeletionManager._schedule_delete() running at /data/data/com.termux/files/home/lyricshub/deletion_manager.py:43> wait_for=<Future pending cb=[Task.task_wakeup()]>>
